d:\git\newdx\client2d\binobj\vc141.pdb
d:\git\newdx\client2d\binobj\vc141.idb
d:\git\newdx\client2d\binobj\hollowknight.obj
d:\git\newdx\client2d\binobj\hkmouse.obj
d:\git\newdx\client2d\binobj\hkmode.obj
d:\git\newdx\client2d\binobj\hkbutton.obj
d:\git\newdx\client2d\binobj\hkattackeffect.obj
d:\git\newdx\client2d\binobj\hiteffect.obj
d:\git\newdx\client2d\binobj\healstart.obj
d:\git\newdx\client2d\binobj\healover.obj
d:\git\newdx\client2d\binobj\healing.obj
d:\git\newdx\client2d\binobj\gethit.obj
d:\git\newdx\client2d\binobj\fireballstart.obj
d:\git\newdx\client2d\binobj\fireballhit.obj
d:\git\newdx\client2d\binobj\fireball.obj
d:\git\newdx\client2d\binobj\dusteffect.obj
d:\git\newdx\client2d\binobj\crackeffect.obj
d:\git\newdx\client2d\binobj\bursteffect.obj
d:\git\newdx\client2d\binobj\bug.obj
d:\git\newdx\client2d\binobj\blacksofteffect.obj
d:\git\newdx\client2d\binobj\startgamemode.obj
d:\git\newdx\client2d\binobj\maingamemode.obj
d:\git\newdx\client2d\binobj\testpixelcollision.obj
d:\git\newdx\client2d\binobj\testobject.obj
d:\git\newdx\client2d\binobj\testbutton.obj
d:\git\newdx\client2d\binobj\testbar.obj
d:\git\newdx\client2d\binobj\startbutton.obj
d:\git\newdx\client2d\binobj\minion.obj
d:\git\newdx\client2d\binobj\mainmap.obj
d:\git\newdx\client2d\binobj\childobj.obj
d:\git\newdx\client2d\binobj\bullet.obj
d:\git\newdx\client2d\binobj\main.obj
d:\git\newdx\client2d\binobj\uihp.obj
d:\git\newdx\client2d\binobj\teststage.obj
d:\git\newdx\client2d\binobj\softeffect.obj
d:\git\newdx\client2d\binobj\sideeffect.obj
d:\git\newdx\client2d\binobj\setbuganim.obj
d:\git\newdx\client2d\binobj\setanimation.obj
d:\git\newdx\client2d\binobj\sencer.obj
d:\git\newdx\client2d\binobj\newhk.obj
d:\git\newdx\client2d\binobj\monsterhiteffect.obj
d:\git\newdx\client2d\binobj\hpeffect.obj
d:\git\newdx\client2d\binobj\randomnumber.obj
d:\git\newdx\client2d\binobj\dashingbug.obj
d:\mingyu\newdx\client2d\bin\client2d_debug.exe
d:\mingyu\newdx\client2d\bin\client2d_debug.ilk
d:\mingyu\newdx\client2d\bin\client2d_debug.pdb
d:\git\newdx\client2d\bin\client2d_debug.ilk
d:\git\newdx\client2d\bin\client2d_debug.exe
d:\git\newdx\client2d\bin\client2d_debug.pdb
d:\git\newdx\client2d\binobj\client2d.res
d:\git\newdx\client2d\binobj\../bin/client2d_debug.pdb
d:\git\newdx\client2d\include\../bin/client2d_debug.exe
d:\git\newdx\client2d\binobj\../bin/client2d_debug.ilk
d:\git\newdx\client2d\binobj\client2d.tlog\cl.command.1.tlog
d:\git\newdx\client2d\binobj\client2d.tlog\cl.read.1.tlog
d:\git\newdx\client2d\binobj\client2d.tlog\cl.write.1.tlog
d:\git\newdx\client2d\binobj\client2d.tlog\link.command.1.tlog
d:\git\newdx\client2d\binobj\client2d.tlog\link.read.1.tlog
d:\git\newdx\client2d\binobj\client2d.tlog\link.write.1.tlog
d:\git\newdx\client2d\binobj\client2d.tlog\rc.command.1.tlog
d:\git\newdx\client2d\binobj\client2d.tlog\rc.read.1.tlog
d:\git\newdx\client2d\binobj\client2d.tlog\rc.write.1.tlog
