  HKMode.cpp
d:\git\newdx\engine\include\matrix.h(7): warning C4251: '_tagMatrix::m': struct 'DirectX::XMMATRIX' needs to have dll-interface to be used by clients of union '_tagMatrix'
  c:\program files (x86)\windows kits\10\include\10.0.17763.0\um\directxmath.h(432): note: see declaration of 'DirectX::XMMATRIX'
d:\git\newdx\engine\include\ref.h(13): warning C4251: 'CRef::m_strName': class 'std::basic_string<char,std::char_traits<char>,std::allocator<char>>' needs to have dll-interface to be used by clients of class 'CRef'
  c:\program files (x86)\microsoft visual studio\2017\community\vc\tools\msvc\14.16.27023\include\xstring(4373): note: see declaration of 'std::basic_string<char,std::char_traits<char>,std::allocator<char>>'
d:\git\newdx\engine\include\scene\scene.h(26): warning C4251: 'CScene::m_ObjList': class 'std::list<CGameObject *,std::allocator<_Ty>>' needs to have dll-interface to be used by clients of class 'CScene'
          with
          [
              _Ty=CGameObject *
          ]
  d:\git\newdx\engine\include\scene\scene.h(26): note: see declaration of 'std::list<CGameObject *,std::allocator<_Ty>>'
          with
          [
              _Ty=CGameObject *
          ]
d:\git\newdx\engine\include\scene\scene.h(27): warning C4251: 'CScene::m_BeginList': class 'std::list<CGameObject *,std::allocator<_Ty>>' needs to have dll-interface to be used by clients of class 'CScene'
          with
          [
              _Ty=CGameObject *
          ]
  d:\git\newdx\engine\include\scene\scene.h(26): note: see declaration of 'std::list<CGameObject *,std::allocator<_Ty>>'
          with
          [
              _Ty=CGameObject *
          ]
d:\git\newdx\engine\include\resource\resourcemanager.h(8): warning C4251: 'CResourceManager::m_mapMesh': class 'std::unordered_map<size_t,CMesh *,std::hash<_Kty>,std::equal_to<_Kty>,std::allocator<std::pair<const _Kty,_Ty>>>' needs to have dll-interface to be used by clients of class 'CResourceManager'
          with
          [
              _Kty=size_t,
              _Ty=CMesh *
          ]
  d:\git\newdx\engine\include\resource\resourcemanager.h(8): note: see declaration of 'std::unordered_map<size_t,CMesh *,std::hash<_Kty>,std::equal_to<_Kty>,std::allocator<std::pair<const _Kty,_Ty>>>'
          with
          [
              _Kty=size_t,
              _Ty=CMesh *
          ]
d:\git\newdx\engine\include\resource\resourcemanager.h(9): warning C4251: 'CResourceManager::m_mapTexture': class 'std::unordered_map<size_t,CTexture *,std::hash<_Kty>,std::equal_to<_Kty>,std::allocator<std::pair<const _Kty,_Ty>>>' needs to have dll-interface to be used by clients of class 'CResourceManager'
          with
          [
              _Kty=size_t,
              _Ty=CTexture *
          ]
  d:\git\newdx\engine\include\resource\resourcemanager.h(9): note: see declaration of 'std::unordered_map<size_t,CTexture *,std::hash<_Kty>,std::equal_to<_Kty>,std::allocator<std::pair<const _Kty,_Ty>>>'
          with
          [
              _Kty=size_t,
              _Ty=CTexture *
          ]
d:\git\newdx\engine\include\resource\resourcemanager.h(10): warning C4251: 'CResourceManager::m_mapMaterial': class 'std::unordered_map<size_t,CMaterial *,std::hash<_Kty>,std::equal_to<_Kty>,std::allocator<std::pair<const _Kty,_Ty>>>' needs to have dll-interface to be used by clients of class 'CResourceManager'
          with
          [
              _Kty=size_t,
              _Ty=CMaterial *
          ]
  d:\git\newdx\engine\include\resource\resourcemanager.h(10): note: see declaration of 'std::unordered_map<size_t,CMaterial *,std::hash<_Kty>,std::equal_to<_Kty>,std::allocator<std::pair<const _Kty,_Ty>>>'
          with
          [
              _Kty=size_t,
              _Ty=CMaterial *
          ]
d:\git\newdx\engine\include\resource\resourcemanager.h(11): warning C4251: 'CResourceManager::m_mapSampler': class 'std::unordered_map<size_t,ID3D11SamplerState *,std::hash<_Kty>,std::equal_to<_Kty>,std::allocator<std::pair<const _Kty,_Ty>>>' needs to have dll-interface to be used by clients of class 'CResourceManager'
          with
          [
              _Kty=size_t,
              _Ty=ID3D11SamplerState *
          ]
  d:\git\newdx\engine\include\resource\resourcemanager.h(11): note: see declaration of 'std::unordered_map<size_t,ID3D11SamplerState *,std::hash<_Kty>,std::equal_to<_Kty>,std::allocator<std::pair<const _Kty,_Ty>>>'
          with
          [
              _Kty=size_t,
              _Ty=ID3D11SamplerState *
          ]
d:\git\newdx\engine\include\resource\resourcemanager.h(12): warning C4251: 'CResourceManager::m_mapRenderState': class 'std::unordered_map<size_t,CRenderState *,std::hash<_Kty>,std::equal_to<_Kty>,std::allocator<std::pair<const _Kty,_Ty>>>' needs to have dll-interface to be used by clients of class 'CResourceManager'
          with
          [
              _Kty=size_t,
              _Ty=CRenderState *
          ]
  d:\git\newdx\engine\include\resource\resourcemanager.h(12): note: see declaration of 'std::unordered_map<size_t,CRenderState *,std::hash<_Kty>,std::equal_to<_Kty>,std::allocator<std::pair<const _Kty,_Ty>>>'
          with
          [
              _Kty=size_t,
              _Ty=CRenderState *
          ]
d:\git\newdx\engine\include\resource\resourcemanager.h(13): warning C4251: 'CResourceManager::m_mapAnim2DSequence': class 'std::unordered_map<size_t,CAnimation2DSequence *,std::hash<_Kty>,std::equal_to<_Kty>,std::allocator<std::pair<const _Kty,_Ty>>>' needs to have dll-interface to be used by clients of class 'CResourceManager'
          with
          [
              _Kty=size_t,
              _Ty=CAnimation2DSequence *
          ]
  d:\git\newdx\engine\include\resource\resourcemanager.h(13): note: see declaration of 'std::unordered_map<size_t,CAnimation2DSequence *,std::hash<_Kty>,std::equal_to<_Kty>,std::allocator<std::pair<const _Kty,_Ty>>>'
          with
          [
              _Kty=size_t,
              _Ty=CAnimation2DSequence *
          ]
d:\git\newdx\engine\include\resource\resourcemanager.h(14): warning C4251: 'CResourceManager::m_DefaultMeshList': class 'std::list<std::string,std::allocator<_Ty>>' needs to have dll-interface to be used by clients of class 'CResourceManager'
          with
          [
              _Ty=std::string
          ]
  d:\git\newdx\engine\include\resource\resourcemanager.h(14): note: see declaration of 'std::list<std::string,std::allocator<_Ty>>'
          with
          [
              _Ty=std::string
          ]
d:\git\newdx\engine\include\resource\resourcemanager.h(15): warning C4251: 'CResourceManager::m_DefaultTextureList': class 'std::list<std::string,std::allocator<_Ty>>' needs to have dll-interface to be used by clients of class 'CResourceManager'
          with
          [
              _Ty=std::string
          ]
  d:\git\newdx\engine\include\resource\resourcemanager.h(14): note: see declaration of 'std::list<std::string,std::allocator<_Ty>>'
          with
          [
              _Ty=std::string
          ]
d:\git\newdx\engine\include\resource\resourcemanager.h(16): warning C4251: 'CResourceManager::m_DefaultRenderStateList': class 'std::list<std::string,std::allocator<_Ty>>' needs to have dll-interface to be used by clients of class 'CResourceManager'
          with
          [
              _Ty=std::string
          ]
  d:\git\newdx\engine\include\resource\resourcemanager.h(14): note: see declaration of 'std::list<std::string,std::allocator<_Ty>>'
          with
          [
              _Ty=std::string
          ]
d:\git\newdx\engine\include\resource\resourcemanager.h(17): warning C4251: 'CResourceManager::m_DefaultMaterialList': class 'std::list<std::string,std::allocator<_Ty>>' needs to have dll-interface to be used by clients of class 'CResourceManager'
          with
          [
              _Ty=std::string
          ]
  d:\git\newdx\engine\include\resource\resourcemanager.h(14): note: see declaration of 'std::list<std::string,std::allocator<_Ty>>'
          with
          [
              _Ty=std::string
          ]
d:\git\newdx\engine\include\resource\resourcemanager.h(18): warning C4251: 'CResourceManager::m_MaterialIter': class 'std::_List_iterator<std::_List_val<std::_List_simple_types<_Ty>>>' needs to have dll-interface to be used by clients of class 'CResourceManager'
          with
          [
              _Ty=std::pair<const size_t,CMaterial *>
          ]
  c:\program files (x86)\microsoft visual studio\2017\community\vc\tools\msvc\14.16.27023\include\list(457): note: see declaration of 'std::_List_iterator<std::_List_val<std::_List_simple_types<_Ty>>>'
          with
          [
              _Ty=std::pair<const size_t,CMaterial *>
          ]
d:\git\newdx\engine\include\resource\material.h(43): warning C4251: 'CMaterial::m_vecContainer': class 'std::vector<PMaterialContainer,std::allocator<_Ty>>' needs to have dll-interface to be used by clients of class 'CMaterial'
          with
          [
              _Ty=PMaterialContainer
          ]
  d:\git\newdx\engine\include\resource\material.h(43): note: see declaration of 'std::vector<PMaterialContainer,std::allocator<_Ty>>'
          with
          [
              _Ty=PMaterialContainer
          ]
d:\git\newdx\engine\include\resource\material.h(47): warning C4251: 'CMaterial::m_mapCBuffer': class 'std::unordered_map<size_t,PCBufferNode,std::hash<_Kty>,std::equal_to<_Kty>,std::allocator<std::pair<const _Kty,_Ty>>>' needs to have dll-interface to be used by clients of class 'CMaterial'
          with
          [
              _Kty=size_t,
              _Ty=PCBufferNode
          ]
  d:\git\newdx\engine\include\resource\material.h(47): note: see declaration of 'std::unordered_map<size_t,PCBufferNode,std::hash<_Kty>,std::equal_to<_Kty>,std::allocator<std::pair<const _Kty,_Ty>>>'
          with
          [
              _Kty=size_t,
              _Ty=PCBufferNode
          ]
d:\git\newdx\engine\include\resource\animation2dsequence.h(41): warning C4251: 'CAnimation2DSequence::m_vecTexture': class 'std::vector<CTexture *,std::allocator<_Ty>>' needs to have dll-interface to be used by clients of class 'CAnimation2DSequence'
          with
          [
              _Ty=CTexture *
          ]
  d:\git\newdx\engine\include\resource\animation2dsequence.h(41): note: see declaration of 'std::vector<CTexture *,std::allocator<_Ty>>'
          with
          [
              _Ty=CTexture *
          ]
d:\git\newdx\engine\include\resource\animation2dsequence.h(51): warning C4251: 'CAnimation2DSequence::m_NotifyList': class 'std::list<PAnim2DNotify,std::allocator<_Ty>>' needs to have dll-interface to be used by clients of class 'CAnimation2DSequence'
          with
          [
              _Ty=PAnim2DNotify
          ]
  d:\git\newdx\engine\include\resource\animation2dsequence.h(51): note: see declaration of 'std::list<PAnim2DNotify,std::allocator<_Ty>>'
          with
          [
              _Ty=PAnim2DNotify
          ]
d:\git\newdx\engine\include\resource\animation2dsequence.h(52): warning C4251: 'CAnimation2DSequence::m_vecFrameInfo': class 'std::vector<Animation2DFrameInfo,std::allocator<_Ty>>' needs to have dll-interface to be used by clients of class 'CAnimation2DSequence'
          with
          [
              _Ty=Animation2DFrameInfo
          ]
  d:\git\newdx\engine\include\resource\animation2dsequence.h(52): note: see declaration of 'std::vector<Animation2DFrameInfo,std::allocator<_Ty>>'
          with
          [
              _Ty=Animation2DFrameInfo
          ]
d:\git\newdx\engine\include\resource\animation2dsequence.h(55): warning C4251: 'CAnimation2DSequence::m_strReturnSequence': class 'std::basic_string<char,std::char_traits<char>,std::allocator<char>>' needs to have dll-interface to be used by clients of class 'CAnimation2DSequence'
  c:\program files (x86)\microsoft visual studio\2017\community\vc\tools\msvc\14.16.27023\include\xstring(4373): note: see declaration of 'std::basic_string<char,std::char_traits<char>,std::allocator<char>>'
d:\git\newdx\engine\include\collisionmanager.h(18): warning C4251: 'CCollisionManager::m_ChannelList': class 'std::list<PCollisionChannel,std::allocator<_Ty>>' needs to have dll-interface to be used by clients of class 'CCollisionManager'
          with
          [
              _Ty=PCollisionChannel
          ]
  d:\git\newdx\engine\include\collisionmanager.h(18): note: see declaration of 'std::list<PCollisionChannel,std::allocator<_Ty>>'
          with
          [
              _Ty=PCollisionChannel
          ]
d:\git\newdx\engine\include\collisionmanager.h(19): warning C4251: 'CCollisionManager::m_mapProfile': class 'std::unordered_map<size_t,PCollisionProfile,std::hash<_Kty>,std::equal_to<_Kty>,std::allocator<std::pair<const _Kty,_Ty>>>' needs to have dll-interface to be used by clients of class 'CCollisionManager'
          with
          [
              _Kty=size_t,
              _Ty=PCollisionProfile
          ]
  d:\git\newdx\engine\include\collisionmanager.h(19): note: see declaration of 'std::unordered_map<size_t,PCollisionProfile,std::hash<_Kty>,std::equal_to<_Kty>,std::allocator<std::pair<const _Kty,_Ty>>>'
          with
          [
              _Kty=size_t,
              _Ty=PCollisionProfile
          ]
d:\git\newdx\engine\include\collisionmanager.h(20): warning C4251: 'CCollisionManager::m_ColliderList': class 'std::list<CColliderBase *,std::allocator<_Ty>>' needs to have dll-interface to be used by clients of class 'CCollisionManager'
          with
          [
              _Ty=CColliderBase *
          ]
  d:\git\newdx\engine\include\collisionmanager.h(20): note: see declaration of 'std::list<CColliderBase *,std::allocator<_Ty>>'
          with
          [
              _Ty=CColliderBase *
          ]
d:\git\newdx\engine\include\component\scenecomponent.h(15): warning C4251: 'CSceneComponent::m_vecChild': class 'std::vector<CSceneComponent *,std::allocator<_Ty>>' needs to have dll-interface to be used by clients of class 'CSceneComponent'
          with
          [
              _Ty=CSceneComponent *
          ]
  d:\git\newdx\engine\include\component\scenecomponent.h(15): note: see declaration of 'std::vector<CSceneComponent *,std::allocator<_Ty>>'
          with
          [
              _Ty=CSceneComponent *
          ]
d:\git\newdx\engine\include\object\gameobject.h(19): warning C4251: 'CGameObject::m_vecObjComponent': class 'std::vector<CObjectComponent *,std::allocator<_Ty>>' needs to have dll-interface to be used by clients of class 'CGameObject'
          with
          [
              _Ty=CObjectComponent *
          ]
  d:\git\newdx\engine\include\object\gameobject.h(19): note: see declaration of 'std::vector<CObjectComponent *,std::allocator<_Ty>>'
          with
          [
              _Ty=CObjectComponent *
          ]
d:\git\newdx\engine\include\object\gameobject.h(20): warning C4251: 'CGameObject::m_vecChild': class 'std::vector<CGameObject *,std::allocator<_Ty>>' needs to have dll-interface to be used by clients of class 'CGameObject'
          with
          [
              _Ty=CGameObject *
          ]
  d:\git\newdx\engine\include\object\gameobject.h(20): note: see declaration of 'std::vector<CGameObject *,std::allocator<_Ty>>'
          with
          [
              _Ty=CGameObject *
          ]
d:\git\newdx\engine\include\object\gameobject.h(22): warning C4251: 'CGameObject::m_BeginList': class 'std::list<CComponent *,std::allocator<_Ty>>' needs to have dll-interface to be used by clients of class 'CGameObject'
          with
          [
              _Ty=CComponent *
          ]
  d:\git\newdx\engine\include\object\gameobject.h(22): note: see declaration of 'std::list<CComponent *,std::allocator<_Ty>>'
          with
          [
              _Ty=CComponent *
          ]
  Client2D.vcxproj -> D:\Git\NEWDX\Client2D\Include\../Bin/Client2D_Debug.exe
