d:\git\new2d\editor2d\binobj\vc141.pdb
d:\git\new2d\editor2d\binobj\vc141.idb
d:\git\new2d\editor2d\binobj\mainfrm.obj
d:\git\new2d\editor2d\binobj\editor2dview.obj
d:\git\new2d\editor2d\binobj\editor2ddoc.obj
d:\git\new2d\editor2d\binobj\editor2d.obj
d:\git\new2d\editor2d\binobj\editmapobject.obj
d:\git\new2d\editor2d\binobj\editgamemode.obj
d:\git\new2d\editor2d\binobj\editor2d_debug.pch
d:\git\new2d\editor2d\binobj\stdafx.obj
d:\git\new2d\editor2d\bin\editor2d_debug.ilk
d:\git\new2d\editor2d\bin\editor2d_debug.exe
d:\git\new2d\editor2d\bin\editor2d_debug.pdb
d:\git\new2d\editor2d\binobj\editor2d.res
d:\git\new2d\editor2d\binobj\../bin/editor2d_debug.pdb
d:\git\new2d\editor2d\include\../bin/editor2d_debug.exe
d:\git\new2d\editor2d\binobj\../bin/editor2d_debug.ilk
d:\git\new2d\editor2d\binobj\editor2d.tlog\cl.command.1.tlog
d:\git\new2d\editor2d\binobj\editor2d.tlog\cl.read.1.tlog
d:\git\new2d\editor2d\binobj\editor2d.tlog\cl.write.1.tlog
d:\git\new2d\editor2d\binobj\editor2d.tlog\link.command.1.tlog
d:\git\new2d\editor2d\binobj\editor2d.tlog\link.read.1.tlog
d:\git\new2d\editor2d\binobj\editor2d.tlog\link.write.1.tlog
d:\git\new2d\editor2d\binobj\editor2d.tlog\rc.command.1.tlog
d:\git\new2d\editor2d\binobj\editor2d.tlog\rc.read.1.tlog
d:\git\new2d\editor2d\binobj\editor2d.tlog\rc.write.1.tlog
